Unity Editor version:    2022.3.61f1 (6c53ebaf375d)
Branch:                  2022.3/release
Build type:              Release
Batch mode:              YES
macOS version:           Version 15.3.2 (Build 24D81)
Darwin version:          24.3.0
Architecture:            arm64
Running under Rosetta:   NO
Available memory:        16384 MB
Using pre-set license
Pro License: YES

COMMAND LINE ARGUMENTS:
/Applications/Unity/Hub/Editor/2022.3.61f1/Unity.app/Contents/MacOS/Unity
-adb2
-batchMode
-noUpm
-name
AssetImportWorker1
-projectPath
/Users/phamthanhtrung/Desktop/Projects/Test-EZGame-Pham-Thanh-Trung
-logFile
Logs/AssetImportWorker1.log
-srvPort
54352
Successfully changed project path to: /Users/phamthanhtrung/Desktop/Projects/Test-EZGame-Pham-Thanh-Trung
/Users/phamthanhtrung/Desktop/Projects/Test-EZGame-Pham-Thanh-Trung
[UnityMemory] Configuration Parameters - Can be set up in boot.config
    "memorysetup-bucket-allocator-granularity=16"
    "memorysetup-bucket-allocator-bucket-count=8"
    "memorysetup-bucket-allocator-block-size=33554432"
    "memorysetup-bucket-allocator-block-count=8"
    "memorysetup-main-allocator-block-size=16777216"
    "memorysetup-thread-allocator-block-size=16777216"
    "memorysetup-gfx-main-allocator-block-size=16777216"
    "memorysetup-gfx-thread-allocator-block-size=16777216"
    "memorysetup-cache-allocator-block-size=4194304"
    "memorysetup-typetree-allocator-block-size=2097152"
    "memorysetup-profiler-bucket-allocator-granularity=16"
    "memorysetup-profiler-bucket-allocator-bucket-count=8"
    "memorysetup-profiler-bucket-allocator-block-size=33554432"
    "memorysetup-profiler-bucket-allocator-block-count=8"
    "memorysetup-profiler-allocator-block-size=16777216"
    "memorysetup-profiler-editor-allocator-block-size=1048576"
    "memorysetup-temp-allocator-size-main=16777216"
    "memorysetup-job-temp-allocator-block-size=2097152"
    "memorysetup-job-temp-allocator-block-size-background=1048576"
    "memorysetup-job-temp-allocator-reduction-small-platforms=262144"
    "memorysetup-allocator-temp-initial-block-size-main=262144"
    "memorysetup-allocator-temp-initial-block-size-worker=262144"
    "memorysetup-temp-allocator-size-background-worker=32768"
    "memorysetup-temp-allocator-size-job-worker=262144"
    "memorysetup-temp-allocator-size-preload-manager=33554432"
    "memorysetup-temp-allocator-size-nav-mesh-worker=65536"
    "memorysetup-temp-allocator-size-audio-worker=65536"
    "memorysetup-temp-allocator-size-cloud-worker=32768"
    "memorysetup-temp-allocator-size-gi-baking-worker=262144"
    "memorysetup-temp-allocator-size-gfx=262144"
Player connection [8419870784]  Target information:

Player connection [8419870784]  * "[IP] 192.168.2.18 [Port] 0 [Flags] 2 [Guid] 2160250583 [EditorId] 2160250583 [Version] 1048832 [Id] OSXEditor(0,192.168.2.18) [Debug] 1 [PackageName] OSXEditor [ProjectName] Editor" 

Player connection [8419870784] Host joined multi-casting on [225.0.0.222:54997]...
Player connection [8419870784] Host joined alternative multi-casting on [225.0.0.222:34997]...
Input System module state changed to: Initialized.
[PhysX] Initialized MultithreadedTaskDispatcher with 8 workers.
Refreshing native plugins compatible for Editor in 2.38 ms, found 2 plugins.
Preloading 0 native plugins for Editor in 0.00 ms.
Initialize engine version: 2022.3.61f1 (6c53ebaf375d)
[Subsystems] Discovering subsystems at path /Applications/Unity/Hub/Editor/2022.3.61f1/Unity.app/Contents/Resources/UnitySubsystems
[Subsystems] Discovering subsystems at path /Users/phamthanhtrung/Desktop/Projects/Test-EZGame-Pham-Thanh-Trung/Assets
GfxDevice: creating device client; threaded=0; jobified=0
 preferred device: Apple M2 (high power)
Metal devices available: 1
0: Apple M2 (high power)
Using device Apple M2 (high power)
Initializing Metal device caps: Apple M2
Initialize mono
Mono path[0] = '/Applications/Unity/Hub/Editor/2022.3.61f1/Unity.app/Contents/Managed'
Mono path[1] = '/Applications/Unity/Hub/Editor/2022.3.61f1/Unity.app/Contents/MonoBleedingEdge/lib/mono/unityjit-macos'
Mono config path = '/Applications/Unity/Hub/Editor/2022.3.61f1/Unity.app/Contents/MonoBleedingEdge/etc'
Using monoOptions --debugger-agent=transport=dt_socket,embedding=1,server=y,suspend=n,address=127.0.0.1:56805
Begin MonoManager ReloadAssembly
Registering precompiled unity dll's ...
Register platform support module: /Applications/Unity/Hub/Editor/2022.3.61f1/PlaybackEngines/WebGLSupport/UnityEditor.WebGL.Extensions.dll
Register platform support module: /Applications/Unity/Hub/Editor/2022.3.61f1/Unity.app/Contents/PlaybackEngines/MacStandaloneSupport/UnityEditor.OSXStandalone.Extensions.dll
Register platform support module: /Applications/Unity/Hub/Editor/2022.3.61f1/PlaybackEngines/AndroidPlayer/UnityEditor.Android.Extensions.dll
Register platform support module: /Applications/Unity/Hub/Editor/2022.3.61f1/PlaybackEngines/iOSSupport/UnityEditor.iOS.Extensions.dll
Register platform support module: /Applications/Unity/Hub/Editor/2022.3.61f1/PlaybackEngines/WindowsStandaloneSupport/UnityEditor.WindowsStandalone.Extensions.dll
Registered in 0.001580 seconds.
- Loaded All Assemblies, in  0.183 seconds
Native extension for WindowsStandalone target not found
[usbmuxd] Start listen thread
[usbmuxd] Listen thread started
[usbmuxd] Send listen message
Native extension for iOS target not found
2025-05-10 12:47:31.547 Unity[94805:20699040] [XcodeApplications] Expected com.apple.dt.Xcode CFBundleIdentifier but found com.microsoft.VSCode in /Users/phamthanhtrung/Downloads/Visual Studio Code.app/Contents/Info.plist
Native extension for Android target not found
Android Extension - Scanning For ADB Devices 50 ms
Native extension for OSXStandalone target not found
Native extension for WebGL target not found
Mono: successfully reloaded assembly
- Finished resetting the current domain, in  0.249 seconds
Domain Reload Profiling: 432ms
	BeginReloadAssembly (42ms)
		ExecutionOrderSort (0ms)
		DisableScriptedObjects (0ms)
		BackupInstance (0ms)
		ReleaseScriptingObjects (0ms)
		CreateAndSetChildDomain (0ms)
	RebuildCommonClasses (20ms)
	RebuildNativeTypeToScriptingClass (7ms)
	initialDomainReloadingComplete (27ms)
	LoadAllAssembliesAndSetupDomain (87ms)
		LoadAssemblies (42ms)
		RebuildTransferFunctionScriptingTraits (0ms)
		AnalyzeDomain (86ms)
			TypeCache.Refresh (85ms)
				TypeCache.ScanAssembly (76ms)
			ScanForSourceGeneratedMonoScriptInfo (0ms)
			ResolveRequiredComponents (0ms)
	FinalizeReload (249ms)
		ReleaseScriptCaches (0ms)
		RebuildScriptCaches (0ms)
		SetupLoadedEditorAssemblies (222ms)
			LogAssemblyErrors (0ms)
			InitializePlatformSupportModulesInManaged (142ms)
			SetLoadedEditorAssemblies (2ms)
			RefreshPlugins (0ms)
			BeforeProcessingInitializeOnLoad (1ms)
			ProcessInitializeOnLoadAttributes (56ms)
			ProcessInitializeOnLoadMethodAttributes (20ms)
			AfterProcessingInitializeOnLoad (0ms)
			EditorAssembliesLoaded (0ms)
		ExecutionOrderSort2 (0ms)
		AwakeInstancesAfterBackupRestoration (0ms)
========================================================================
Worker process is ready to serve import requests
Caller must complete domain reload
Begin MonoManager ReloadAssembly
- Loaded All Assemblies, in  0.302 seconds
Native extension for WindowsStandalone target not found
Native extension for iOS target not found
2025-05-10 12:47:32.349 Unity[94805:20699040] [XcodeApplications] Expected com.apple.dt.Xcode CFBundleIdentifier but found com.microsoft.VSCode in /Users/phamthanhtrung/Downloads/Visual Studio Code.app/Contents/Info.plist
Native extension for Android target not found
Native extension for OSXStandalone target not found
Native extension for WebGL target not found
Mono: successfully reloaded assembly
- Finished resetting the current domain, in  0.292 seconds
Domain Reload Profiling: 595ms
	BeginReloadAssembly (69ms)
		ExecutionOrderSort (0ms)
		DisableScriptedObjects (3ms)
		BackupInstance (0ms)
		ReleaseScriptingObjects (0ms)
		CreateAndSetChildDomain (16ms)
	RebuildCommonClasses (21ms)
	RebuildNativeTypeToScriptingClass (7ms)
	initialDomainReloadingComplete (20ms)
	LoadAllAssembliesAndSetupDomain (186ms)
		LoadAssemblies (110ms)
		RebuildTransferFunctionScriptingTraits (0ms)
		AnalyzeDomain (107ms)
			TypeCache.Refresh (98ms)
				TypeCache.ScanAssembly (86ms)
			ScanForSourceGeneratedMonoScriptInfo (6ms)
			ResolveRequiredComponents (3ms)
	FinalizeReload (292ms)
		ReleaseScriptCaches (0ms)
		RebuildScriptCaches (0ms)
		SetupLoadedEditorAssemblies (200ms)
			LogAssemblyErrors (0ms)
			InitializePlatformSupportModulesInManaged (16ms)
			SetLoadedEditorAssemblies (2ms)
			RefreshPlugins (0ms)
			BeforeProcessingInitializeOnLoad (25ms)
			ProcessInitializeOnLoadAttributes (147ms)
			ProcessInitializeOnLoadMethodAttributes (10ms)
			AfterProcessingInitializeOnLoad (1ms)
			EditorAssembliesLoaded (0ms)
		ExecutionOrderSort2 (0ms)
		AwakeInstancesAfterBackupRestoration (2ms)
Launching external process: /Applications/Unity/Hub/Editor/2022.3.61f1/Unity.app/Contents/Tools/UnityShaderCompiler
Launched and connected shader compiler UnityShaderCompiler after 0.03 seconds
Refreshing native plugins compatible for Editor in 0.64 ms, found 2 plugins.
Preloading 0 native plugins for Editor in 0.00 ms.
Unloading 3137 Unused Serialized files (Serialized files now loaded: 0)
Unloading 19 unused Assets / (48.9 KB). Loaded Objects now: 3605.
Memory consumption went from 125.7 MB to 125.7 MB.
Total: 2.003167 ms (FindLiveObjects: 0.091750 ms CreateObjectMapping: 0.038542 ms MarkObjects: 1.808458 ms  DeleteObjects: 0.063792 ms)

AssetImportParameters requested are different than current active one (requested -> active):
  custom:container-demuxer-ogg: 62fdf1f143b41e24485cea50d1cbac27 -> 
  custom:video-decoder-ogg-theora: a1e56fd34408186e4bbccfd4996cb3dc -> 
  custom:CustomObjectIndexerAttribute: 9a22284fe3817be447336de3de66b15e -> 
  custom:container-demuxer-webm: 4f35f7cbe854078d1ac9338744f61a02 -> 
  custom:container-muxer-webm: aa71ff27fc2769a1b78a27578f13a17b -> 
  custom:video-decoder-webm-vp8: 9c59270c3fd7afecdb556c50c9e8de78 -> 
  custom:SearchIndexIgnoredProperties: e643bd26f0fe6173181afceb89e7c659 -> 
  custom:AudioImporter_EditorPlatform: 3918e3fc78b5a79bad01e8451be0beb8 -> 
  custom:framework-osx-AVFoundation: e770b220cccbd017edd2c1fefb359320 -> 
  custom:video-encoder-webm-vp8: eb34c28f22e8b96e1ab97ce403110664 -> 
  custom:audio-decoder-ogg-vorbis: bf7c407c2cedff20999df2af8eb42d56 -> 
  custom:audio-encoder-webm-vorbis: bf7c407c2cedff20999df2af8eb42d56 -> 
========================================================================
Received Import Request.
  Time since last request: 1000603.956158 seconds.
  path: Assets/EZ Assets/Animations/Jump2.anim
  artifactKey: Guid(a7684f0cf24769e4d901c3ca08045ac5) Importer(2089858483,0ecaa5967403d082aa24f35e1b516d23)
Start importing Assets/EZ Assets/Animations/Jump2.anim using Guid(a7684f0cf24769e4d901c3ca08045ac5) Importer(2089858483,0ecaa5967403d082aa24f35e1b516d23) [PhysX] Initialized MultithreadedTaskDispatcher with 8 workers.
 -> (artifact id: '65414b5f5f1c42db1a9e883c1fb476d2') in 0.112981 seconds
Number of updated asset objects reloaded before import = 0
Number of asset objects unloaded after import = 1
========================================================================
Received Import Request.
  Time since last request: 0.000044 seconds.
  path: Assets/EZ Assets/Prefabs
  artifactKey: Guid(b2f47e31eaad43d42ae651e31300a76b) Importer(2089858483,0ecaa5967403d082aa24f35e1b516d23)
Start importing Assets/EZ Assets/Prefabs using Guid(b2f47e31eaad43d42ae651e31300a76b) Importer(2089858483,0ecaa5967403d082aa24f35e1b516d23) [PhysX] Initialized MultithreadedTaskDispatcher with 8 workers.
 -> (artifact id: '78f12337c1cc8f61fd77e742b5b404ae') in 0.001577 seconds
Number of updated asset objects reloaded before import = 0
Number of asset objects unloaded after import = 1
========================================================================
Received Import Request.
  Time since last request: 0.000173 seconds.
  path: Assets/EZ Assets/Animations/Big Jump.anim
  artifactKey: Guid(a6d3177efa25f54478ea4ed60988f40b) Importer(2089858483,0ecaa5967403d082aa24f35e1b516d23)
Start importing Assets/EZ Assets/Animations/Big Jump.anim using Guid(a6d3177efa25f54478ea4ed60988f40b) Importer(2089858483,0ecaa5967403d082aa24f35e1b516d23) [PhysX] Initialized MultithreadedTaskDispatcher with 8 workers.
 -> (artifact id: 'f4c1ddc684cf355b2e5b2678618bd421') in 0.031872 seconds
Number of updated asset objects reloaded before import = 0
Number of asset objects unloaded after import = 1
========================================================================
Received Import Request.
  Time since last request: 0.000106 seconds.
  path: Assets/EZ Assets/Models/Yoga Center/idleyoga_01.mat
  artifactKey: Guid(1a51a41be07e67f45b4803f1ca23341e) Importer(2089858483,0ecaa5967403d082aa24f35e1b516d23)
Start importing Assets/EZ Assets/Models/Yoga Center/idleyoga_01.mat using Guid(1a51a41be07e67f45b4803f1ca23341e) Importer(2089858483,0ecaa5967403d082aa24f35e1b516d23) [PhysX] Initialized MultithreadedTaskDispatcher with 8 workers.
Shader 'T70/Self-Illumin/Diffuse': fallback shader 'T70/Self-Illumin/VertexLit' not found
 -> (artifact id: 'afc259f8c065c3f28311eaf09385d8ac') in 0.010563 seconds
Number of updated asset objects reloaded before import = 0
Number of asset objects unloaded after import = 3
========================================================================
Received Import Request.
  Time since last request: 0.000034 seconds.
  path: Assets/EZ Assets/Materials/ModelTex.mat
  artifactKey: Guid(7989452a761ddf44cae68f2e19ca465a) Importer(2089858483,0ecaa5967403d082aa24f35e1b516d23)
Start importing Assets/EZ Assets/Materials/ModelTex.mat using Guid(7989452a761ddf44cae68f2e19ca465a) Importer(2089858483,0ecaa5967403d082aa24f35e1b516d23) [PhysX] Initialized MultithreadedTaskDispatcher with 8 workers.
Shader 'T70/Self-Illumin/Diffuse': fallback shader 'T70/Self-Illumin/VertexLit' not found
 -> (artifact id: 'c24123422d4a5cf06eb84a100f155ce4') in 0.002429 seconds
Number of updated asset objects reloaded before import = 0
Number of asset objects unloaded after import = 3
========================================================================
Received Import Request.
  Time since last request: 0.000020 seconds.
  path: Assets/EZ Assets/Models/Yoga Center/light_02.mat
  artifactKey: Guid(540785f28e97dc24ab9aeda136b6c6ac) Importer(2089858483,0ecaa5967403d082aa24f35e1b516d23)
Start importing Assets/EZ Assets/Models/Yoga Center/light_02.mat using Guid(540785f28e97dc24ab9aeda136b6c6ac) Importer(2089858483,0ecaa5967403d082aa24f35e1b516d23) [PhysX] Initialized MultithreadedTaskDispatcher with 8 workers.
 -> (artifact id: '416241964e755d6873de40ecb5ce0e3d') in 0.002153 seconds
Number of updated asset objects reloaded before import = 0
Number of asset objects unloaded after import = 2
========================================================================
Received Import Request.
  Time since last request: 0.000132 seconds.
  path: Assets/EZ Assets/Models/CharMain_01.FBX
  artifactKey: Guid(5250d1387f2f45c45b0e0e8bca89b36f) Importer(2089858483,0ecaa5967403d082aa24f35e1b516d23)
Start importing Assets/EZ Assets/Models/CharMain_01.FBX using Guid(5250d1387f2f45c45b0e0e8bca89b36f) Importer(2089858483,0ecaa5967403d082aa24f35e1b516d23) [PhysX] Initialized MultithreadedTaskDispatcher with 8 workers.
 -> (artifact id: '0f74ce8512e1d481d199484f25293f8a') in 0.029747 seconds
Number of updated asset objects reloaded before import = 0
Number of asset objects unloaded after import = 77
========================================================================
Received Import Request.
  Time since last request: 0.000029 seconds.
  path: Assets/EZ Assets/Materials/ModelTex_M.mat
  artifactKey: Guid(ee93fd0a117239941b8c42b49c305af7) Importer(2089858483,0ecaa5967403d082aa24f35e1b516d23)
Start importing Assets/EZ Assets/Materials/ModelTex_M.mat using Guid(ee93fd0a117239941b8c42b49c305af7) Importer(2089858483,0ecaa5967403d082aa24f35e1b516d23) [PhysX] Initialized MultithreadedTaskDispatcher with 8 workers.
 -> (artifact id: 'fc16583bf3e8648e657ecbdbe2f7d575') in 0.029252 seconds
Number of updated asset objects reloaded before import = 0
Number of asset objects unloaded after import = 2
========================================================================
Received Import Request.
  Time since last request: 0.000035 seconds.
  path: Assets/EZ Assets/Animations/Kidney Punch Left.anim
  artifactKey: Guid(2c9ca0464fcc44047aa52eec60a83368) Importer(2089858483,0ecaa5967403d082aa24f35e1b516d23)
Start importing Assets/EZ Assets/Animations/Kidney Punch Left.anim using Guid(2c9ca0464fcc44047aa52eec60a83368) Importer(2089858483,0ecaa5967403d082aa24f35e1b516d23) [PhysX] Initialized MultithreadedTaskDispatcher with 8 workers.
 -> (artifact id: '710cc121a7e6f501ed3fd482f80b2f2a') in 0.016026 seconds
Number of updated asset objects reloaded before import = 0
Number of asset objects unloaded after import = 1
========================================================================
Received Import Request.
  Time since last request: 0.000048 seconds.
  path: Assets/EZ Assets/Models/RingExpand/Floor.mat
  artifactKey: Guid(860609f6abffede4e98f2b68dc68ff97) Importer(2089858483,0ecaa5967403d082aa24f35e1b516d23)
Start importing Assets/EZ Assets/Models/RingExpand/Floor.mat using Guid(860609f6abffede4e98f2b68dc68ff97) Importer(2089858483,0ecaa5967403d082aa24f35e1b516d23) [PhysX] Initialized MultithreadedTaskDispatcher with 8 workers.
 -> (artifact id: 'bc7fb5aa9c556d1a548648e0ab89306a') in 0.002072 seconds
Number of updated asset objects reloaded before import = 0
Number of asset objects unloaded after import = 1
========================================================================
Received Import Request.
  Time since last request: 0.000114 seconds.
  path: Assets/EZ Assets/Models/RingExpand/Stadium_Bake_Mat.mat
  artifactKey: Guid(9c69ad660e2baa04b8ed5222cf51d65e) Importer(2089858483,0ecaa5967403d082aa24f35e1b516d23)
Start importing Assets/EZ Assets/Models/RingExpand/Stadium_Bake_Mat.mat using Guid(9c69ad660e2baa04b8ed5222cf51d65e) Importer(2089858483,0ecaa5967403d082aa24f35e1b516d23) [PhysX] Initialized MultithreadedTaskDispatcher with 8 workers.
 -> (artifact id: 'b1e7af19e651f6aa7177bb1caba2f740') in 0.002446 seconds
Number of updated asset objects reloaded before import = 0
Number of asset objects unloaded after import = 2
========================================================================
Received Import Request.
  Time since last request: 0.000140 seconds.
  path: Assets/EZ Assets/Textures/ModelTex.png
  artifactKey: Guid(2e4b4629ad5fcfc4b9d4353e72662155) Importer(2089858483,0ecaa5967403d082aa24f35e1b516d23)
Start importing Assets/EZ Assets/Textures/ModelTex.png using Guid(2e4b4629ad5fcfc4b9d4353e72662155) Importer(2089858483,0ecaa5967403d082aa24f35e1b516d23) [PhysX] Initialized MultithreadedTaskDispatcher with 8 workers.
 -> (artifact id: '2d0213d353aabb0ff8310080a98c0948') in 0.021147 seconds
Number of updated asset objects reloaded before import = 0
Number of asset objects unloaded after import = 1
========================================================================
Received Import Request.
  Time since last request: 0.000100 seconds.
  path: Assets/EZ Assets/Models/Yoga Center/path_uP.png
  artifactKey: Guid(85fa9f06a71a8aa4482ee1113bc704e5) Importer(2089858483,0ecaa5967403d082aa24f35e1b516d23)
Start importing Assets/EZ Assets/Models/Yoga Center/path_uP.png using Guid(85fa9f06a71a8aa4482ee1113bc704e5) Importer(2089858483,0ecaa5967403d082aa24f35e1b516d23) [PhysX] Initialized MultithreadedTaskDispatcher with 8 workers.
 -> (artifact id: 'b5d418ce73a82f221e646a18f1ec125a') in 0.009070 seconds
Number of updated asset objects reloaded before import = 0
Number of asset objects unloaded after import = 3
========================================================================
Received Import Request.
  Time since last request: 0.000056 seconds.
  path: Assets/EZ Assets/Models/Boxing Champion/idle_boxing_champion_01.mat
  artifactKey: Guid(da9babc979e465940b36fb137fc0e946) Importer(2089858483,0ecaa5967403d082aa24f35e1b516d23)
Start importing Assets/EZ Assets/Models/Boxing Champion/idle_boxing_champion_01.mat using Guid(da9babc979e465940b36fb137fc0e946) Importer(2089858483,0ecaa5967403d082aa24f35e1b516d23) [PhysX] Initialized MultithreadedTaskDispatcher with 8 workers.
Shader 'T70/Self-Illumin/Diffuse': fallback shader 'T70/Self-Illumin/VertexLit' not found
 -> (artifact id: 'ca73997a54b5f2cfdc777ac0961b361e') in 0.002572 seconds
Number of updated asset objects reloaded before import = 0
Number of asset objects unloaded after import = 3
========================================================================
Received Import Request.
  Time since last request: 0.000233 seconds.
  path: Assets/EZ Assets/Models/CharBoss_01.FBX
  artifactKey: Guid(1b7016aca31b1c145a591d603b6ec1d4) Importer(2089858483,0ecaa5967403d082aa24f35e1b516d23)
Start importing Assets/EZ Assets/Models/CharBoss_01.FBX using Guid(1b7016aca31b1c145a591d603b6ec1d4) Importer(2089858483,0ecaa5967403d082aa24f35e1b516d23) [PhysX] Initialized MultithreadedTaskDispatcher with 8 workers.
 -> (artifact id: 'a4725396b2568d5318e4041971149f5c') in 0.009069 seconds
Number of updated asset objects reloaded before import = 0
Number of asset objects unloaded after import = 93
========================================================================
Received Import Request.
  Time since last request: 0.000031 seconds.
  path: Assets/EZ Assets/Prefabs/bc_boxing_ring_01.prefab
  artifactKey: Guid(cb109f885edb33e42a65d4e9f6f8d16f) Importer(2089858483,0ecaa5967403d082aa24f35e1b516d23)
Start importing Assets/EZ Assets/Prefabs/bc_boxing_ring_01.prefab using Guid(cb109f885edb33e42a65d4e9f6f8d16f) Importer(2089858483,0ecaa5967403d082aa24f35e1b516d23) [PhysX] Initialized MultithreadedTaskDispatcher with 8 workers.
 -> (artifact id: 'c4422dae4dd7e0321c46dca033164ae6') in 0.002736 seconds
Number of updated asset objects reloaded before import = 0
Number of asset objects unloaded after import = 64
========================================================================
Received Import Request.
  Time since last request: 0.000075 seconds.
  path: Assets/EZ Assets/Models/RingExpand/Block_Full.FBX
  artifactKey: Guid(f985d52c72546834498de127994a90b1) Importer(2089858483,0ecaa5967403d082aa24f35e1b516d23)
Start importing Assets/EZ Assets/Models/RingExpand/Block_Full.FBX using Guid(f985d52c72546834498de127994a90b1) Importer(2089858483,0ecaa5967403d082aa24f35e1b516d23) [PhysX] Initialized MultithreadedTaskDispatcher with 8 workers.
 -> (artifact id: '65c6903f1c662e6a6e30709dcd999f16') in 0.009999 seconds
Number of updated asset objects reloaded before import = 0
Number of asset objects unloaded after import = 7
========================================================================
Received Import Request.
  Time since last request: 0.000062 seconds.
  path: Assets/EZ Assets/Animations/Kidney Punch Right.anim
  artifactKey: Guid(514a455334ea41c46a5600b8747b5d5f) Importer(2089858483,0ecaa5967403d082aa24f35e1b516d23)
Start importing Assets/EZ Assets/Animations/Kidney Punch Right.anim using Guid(514a455334ea41c46a5600b8747b5d5f) Importer(2089858483,0ecaa5967403d082aa24f35e1b516d23) [PhysX] Initialized MultithreadedTaskDispatcher with 8 workers.
 -> (artifact id: '2c7fc44845d2e995c0c8090ed8efe987') in 0.013913 seconds
Number of updated asset objects reloaded before import = 0
Number of asset objects unloaded after import = 1
========================================================================
Received Import Request.
  Time since last request: 0.000068 seconds.
  path: Assets/EZ Assets/Scenes/Demo.unity
  artifactKey: Guid(9942cf39904e348a1b6c58dae0b466ae) Importer(2089858483,0ecaa5967403d082aa24f35e1b516d23)
Start importing Assets/EZ Assets/Scenes/Demo.unity using Guid(9942cf39904e348a1b6c58dae0b466ae) Importer(2089858483,0ecaa5967403d082aa24f35e1b516d23) [PhysX] Initialized MultithreadedTaskDispatcher with 8 workers.
 -> (artifact id: 'e65a46c94ba6373b1acf42e0574a28c8') in 0.000983 seconds
Number of updated asset objects reloaded before import = 0
Number of asset objects unloaded after import = 1
========================================================================
Received Import Request.
  Time since last request: 0.000067 seconds.
  path: Assets/EZ Assets/Animations/CharPose_Male_walk.anim
  artifactKey: Guid(5e02518d6a30cb642a88cc7eb7184180) Importer(2089858483,0ecaa5967403d082aa24f35e1b516d23)
Start importing Assets/EZ Assets/Animations/CharPose_Male_walk.anim using Guid(5e02518d6a30cb642a88cc7eb7184180) Importer(2089858483,0ecaa5967403d082aa24f35e1b516d23) [PhysX] Initialized MultithreadedTaskDispatcher with 8 workers.
 -> (artifact id: 'b39bd3544bdee0e8376981b598a93762') in 0.017666 seconds
Number of updated asset objects reloaded before import = 0
Number of asset objects unloaded after import = 1
========================================================================
Received Import Request.
  Time since last request: 0.000081 seconds.
  path: Assets/EZ Assets/Materials
  artifactKey: Guid(ba1812bfe981f224a8f63d5047a2c531) Importer(2089858483,0ecaa5967403d082aa24f35e1b516d23)
Start importing Assets/EZ Assets/Materials using Guid(ba1812bfe981f224a8f63d5047a2c531) Importer(2089858483,0ecaa5967403d082aa24f35e1b516d23) [PhysX] Initialized MultithreadedTaskDispatcher with 8 workers.
 -> (artifact id: '0c7ad9aa050fe7c89a5fecd607175d06') in 0.001158 seconds
Number of updated asset objects reloaded before import = 0
Number of asset objects unloaded after import = 1
========================================================================
Received Import Request.
  Time since last request: 0.000077 seconds.
  path: Assets/EZ Assets/Animations
  artifactKey: Guid(e65098bd4f64dfb4d8df2f32fbadcd7a) Importer(2089858483,0ecaa5967403d082aa24f35e1b516d23)
Start importing Assets/EZ Assets/Animations using Guid(e65098bd4f64dfb4d8df2f32fbadcd7a) Importer(2089858483,0ecaa5967403d082aa24f35e1b516d23) [PhysX] Initialized MultithreadedTaskDispatcher with 8 workers.
 -> (artifact id: '8121a715d4ec6683d94fc7f3b45a03a9') in 0.000801 seconds
Number of updated asset objects reloaded before import = 0
Number of asset objects unloaded after import = 1
========================================================================
Received Import Request.
  Time since last request: 0.000053 seconds.
  path: Assets/EZ Assets/Models
  artifactKey: Guid(613f41a09c2f1e8409fc4345d52d87cb) Importer(2089858483,0ecaa5967403d082aa24f35e1b516d23)
Start importing Assets/EZ Assets/Models using Guid(613f41a09c2f1e8409fc4345d52d87cb) Importer(2089858483,0ecaa5967403d082aa24f35e1b516d23) [PhysX] Initialized MultithreadedTaskDispatcher with 8 workers.
 -> (artifact id: '8daf15d857665cae439fd3ab06f354c0') in 0.000791 seconds
Number of updated asset objects reloaded before import = 0
Number of asset objects unloaded after import = 1
========================================================================
Received Import Request.
  Time since last request: 0.000054 seconds.
  path: Assets/EZ Assets/Scenes
  artifactKey: Guid(66610bee540b8bb47885e8e84eb09621) Importer(2089858483,0ecaa5967403d082aa24f35e1b516d23)
Start importing Assets/EZ Assets/Scenes using Guid(66610bee540b8bb47885e8e84eb09621) Importer(2089858483,0ecaa5967403d082aa24f35e1b516d23) [PhysX] Initialized MultithreadedTaskDispatcher with 8 workers.
 -> (artifact id: '0183be99dfe5053dbde633f440e8f40a') in 0.000908 seconds
Number of updated asset objects reloaded before import = 0
Number of asset objects unloaded after import = 1
========================================================================
Received Import Request.
  Time since last request: 0.000093 seconds.
  path: Assets/EZ Assets/Prefabs/charMobLA_01.prefab
  artifactKey: Guid(a389451827f7c29409b3feb7eb971647) Importer(2089858483,0ecaa5967403d082aa24f35e1b516d23)
Start importing Assets/EZ Assets/Prefabs/charMobLA_01.prefab using Guid(a389451827f7c29409b3feb7eb971647) Importer(2089858483,0ecaa5967403d082aa24f35e1b516d23) [PhysX] Initialized MultithreadedTaskDispatcher with 8 workers.
 -> (artifact id: 'e5d27adf476bada60d1abae1b65df02a') in 0.003959 seconds
Number of updated asset objects reloaded before import = 0
Number of asset objects unloaded after import = 132
========================================================================
Received Import Request.
  Time since last request: 0.000029 seconds.
  path: Assets/EZ Assets/Models/Boxing Champion
  artifactKey: Guid(c01818067d1e9a24c954ead350d7eb09) Importer(2089858483,0ecaa5967403d082aa24f35e1b516d23)
Start importing Assets/EZ Assets/Models/Boxing Champion using Guid(c01818067d1e9a24c954ead350d7eb09) Importer(2089858483,0ecaa5967403d082aa24f35e1b516d23) [PhysX] Initialized MultithreadedTaskDispatcher with 8 workers.
 -> (artifact id: '41c7fe961e40403823b3677a6d42966d') in 0.001102 seconds
Number of updated asset objects reloaded before import = 0
Number of asset objects unloaded after import = 1
========================================================================
Received Import Request.
  Time since last request: 0.000172 seconds.
  path: Assets/EZ Assets/Prefabs/3D_Battle.prefab
  artifactKey: Guid(1dba841203c087e43afdd8fbe5b67c4e) Importer(2089858483,0ecaa5967403d082aa24f35e1b516d23)
Start importing Assets/EZ Assets/Prefabs/3D_Battle.prefab using Guid(1dba841203c087e43afdd8fbe5b67c4e) Importer(2089858483,0ecaa5967403d082aa24f35e1b516d23) [PhysX] Initialized MultithreadedTaskDispatcher with 8 workers.
 -> (artifact id: '42b4a6c466f84fcc83181b78bb3d108f') in 0.005376 seconds
Number of updated asset objects reloaded before import = 0
Number of asset objects unloaded after import = 859
========================================================================
Received Import Request.
  Time since last request: 0.000031 seconds.
  path: Assets/EZ Assets/Shader
  artifactKey: Guid(00c4b8090eb5b4043b9d4a158ce07295) Importer(2089858483,0ecaa5967403d082aa24f35e1b516d23)
Start importing Assets/EZ Assets/Shader using Guid(00c4b8090eb5b4043b9d4a158ce07295) Importer(2089858483,0ecaa5967403d082aa24f35e1b516d23) [PhysX] Initialized MultithreadedTaskDispatcher with 8 workers.
 -> (artifact id: 'fd3480742e54f2723f9ee53c0814cbc7') in 0.001603 seconds
Number of updated asset objects reloaded before import = 0
Number of asset objects unloaded after import = 1
========================================================================
Received Import Request.
  Time since last request: 0.000130 seconds.
  path: Assets/EZ Assets/Animations/Jumping.anim
  artifactKey: Guid(612ae2903ba57104ba7a555e273423bb) Importer(2089858483,0ecaa5967403d082aa24f35e1b516d23)
Start importing Assets/EZ Assets/Animations/Jumping.anim using Guid(612ae2903ba57104ba7a555e273423bb) Importer(2089858483,0ecaa5967403d082aa24f35e1b516d23) [PhysX] Initialized MultithreadedTaskDispatcher with 8 workers.
 -> (artifact id: '96cc2922fb664aabccdfd25cfc5b173b') in 0.021880 seconds
Number of updated asset objects reloaded before import = 0
Number of asset objects unloaded after import = 1
========================================================================
Received Import Request.
  Time since last request: 0.000062 seconds.
  path: Assets/EZ Assets/Animations/Stomach Punch.anim
  artifactKey: Guid(b9fe3950d588e914882f03d9a4b01b59) Importer(2089858483,0ecaa5967403d082aa24f35e1b516d23)
Start importing Assets/EZ Assets/Animations/Stomach Punch.anim using Guid(b9fe3950d588e914882f03d9a4b01b59) Importer(2089858483,0ecaa5967403d082aa24f35e1b516d23) [PhysX] Initialized MultithreadedTaskDispatcher with 8 workers.
 -> (artifact id: 'd45f8b92f22cc1144c5073e745a9edff') in 0.012526 seconds
Number of updated asset objects reloaded before import = 0
Number of asset objects unloaded after import = 1
========================================================================
Received Import Request.
  Time since last request: 0.000058 seconds.
  path: Assets/EZ Assets/Models/Yoga Center/idleyoga_01.psd
  artifactKey: Guid(0af94cd513423cb4a9f1dab6a95dd413) Importer(2089858483,0ecaa5967403d082aa24f35e1b516d23)
Start importing Assets/EZ Assets/Models/Yoga Center/idleyoga_01.psd using Guid(0af94cd513423cb4a9f1dab6a95dd413) Importer(2089858483,0ecaa5967403d082aa24f35e1b516d23) [PhysX] Initialized MultithreadedTaskDispatcher with 8 workers.
 -> (artifact id: 'c72e322b458c0b3f41f0a5dd6625dcba') in 0.005432 seconds
Number of updated asset objects reloaded before import = 0
Number of asset objects unloaded after import = 1
========================================================================
Received Import Request.
  Time since last request: 0.000134 seconds.
  path: Assets/EZ Assets/Animations/Stomach Hit.anim
  artifactKey: Guid(6f857073ec226174d9a265e29f0244a3) Importer(2089858483,0ecaa5967403d082aa24f35e1b516d23)
Start importing Assets/EZ Assets/Animations/Stomach Hit.anim using Guid(6f857073ec226174d9a265e29f0244a3) Importer(2089858483,0ecaa5967403d082aa24f35e1b516d23) [PhysX] Initialized MultithreadedTaskDispatcher with 8 workers.
 -> (artifact id: '969abbf91609b5f3208fc64fdfdfdb69') in 0.008051 seconds
Number of updated asset objects reloaded before import = 0
Number of asset objects unloaded after import = 1
========================================================================
Received Import Request.
  Time since last request: 0.000062 seconds.
  path: Assets/EZ Assets/Prefabs/CharBoss_01.prefab
  artifactKey: Guid(775cd3b427d63974d8703d8fc87cc3ce) Importer(2089858483,0ecaa5967403d082aa24f35e1b516d23)
Start importing Assets/EZ Assets/Prefabs/CharBoss_01.prefab using Guid(775cd3b427d63974d8703d8fc87cc3ce) Importer(2089858483,0ecaa5967403d082aa24f35e1b516d23) [PhysX] Initialized MultithreadedTaskDispatcher with 8 workers.
 -> (artifact id: 'ca5a7788dd51b1902e91fc4d72f84c6d') in 0.002990 seconds
Number of updated asset objects reloaded before import = 0
Number of asset objects unloaded after import = 92
========================================================================
Received Import Request.
  Time since last request: 0.000040 seconds.
  path: Assets/EZ Assets/Animations/Kidney Hit.anim
  artifactKey: Guid(82a0374bb601a124aabdea180f10d72c) Importer(2089858483,0ecaa5967403d082aa24f35e1b516d23)
Start importing Assets/EZ Assets/Animations/Kidney Hit.anim using Guid(82a0374bb601a124aabdea180f10d72c) Importer(2089858483,0ecaa5967403d082aa24f35e1b516d23) [PhysX] Initialized MultithreadedTaskDispatcher with 8 workers.
 -> (artifact id: '9e1bccb33ab848f3dd459759be4aecde') in 0.009135 seconds
Number of updated asset objects reloaded before import = 0
Number of asset objects unloaded after import = 1
========================================================================
Received Prepare
Caller must complete domain reload
Begin MonoManager ReloadAssembly
Thread 0x308913000 may have been prematurely finalized
- Loaded All Assemblies, in  0.334 seconds
Native extension for WindowsStandalone target not found
Native extension for iOS target not found
2025-05-10 12:52:38.031 Unity[94805:20699040] [XcodeApplications] Expected com.apple.dt.Xcode CFBundleIdentifier but found com.microsoft.VSCode in /Users/phamthanhtrung/Downloads/Visual Studio Code.app/Contents/Info.plist
Native extension for Android target not found
Native extension for OSXStandalone target not found
Native extension for WebGL target not found
Mono: successfully reloaded assembly
- Finished resetting the current domain, in  0.589 seconds
Domain Reload Profiling: 924ms
	BeginReloadAssembly (98ms)
		ExecutionOrderSort (0ms)
		DisableScriptedObjects (3ms)
		BackupInstance (0ms)
		ReleaseScriptingObjects (0ms)
		CreateAndSetChildDomain (38ms)
	RebuildCommonClasses (22ms)
	RebuildNativeTypeToScriptingClass (8ms)
	initialDomainReloadingComplete (13ms)
	LoadAllAssembliesAndSetupDomain (193ms)
		LoadAssemblies (211ms)
		RebuildTransferFunctionScriptingTraits (0ms)
		AnalyzeDomain (15ms)
			TypeCache.Refresh (10ms)
				TypeCache.ScanAssembly (0ms)
			ScanForSourceGeneratedMonoScriptInfo (0ms)
			ResolveRequiredComponents (4ms)
	FinalizeReload (590ms)
		ReleaseScriptCaches (0ms)
		RebuildScriptCaches (0ms)
		SetupLoadedEditorAssemblies (204ms)
			LogAssemblyErrors (0ms)
			InitializePlatformSupportModulesInManaged (21ms)
			SetLoadedEditorAssemblies (2ms)
			RefreshPlugins (0ms)
			BeforeProcessingInitializeOnLoad (28ms)
			ProcessInitializeOnLoadAttributes (142ms)
			ProcessInitializeOnLoadMethodAttributes (10ms)
			AfterProcessingInitializeOnLoad (1ms)
			EditorAssembliesLoaded (0ms)
		ExecutionOrderSort2 (0ms)
		AwakeInstancesAfterBackupRestoration (2ms)
Shader 'T70/Self-Illumin/Diffuse': fallback shader 'T70/Self-Illumin/VertexLit' not found
Shader 'T70/Self-Illumin/Diffuse': fallback shader 'T70/Self-Illumin/VertexLit' not found
Refreshing native plugins compatible for Editor in 0.64 ms, found 2 plugins.
Preloading 0 native plugins for Editor in 0.00 ms.
Unloading 3130 Unused Serialized files (Serialized files now loaded: 0)
Unloading 16 unused Assets / (212.1 KB). Loaded Objects now: 3609.
Memory consumption went from 132.8 MB to 132.6 MB.
Total: 3.199417 ms (FindLiveObjects: 0.121417 ms CreateObjectMapping: 0.060041 ms MarkObjects: 2.870917 ms  DeleteObjects: 0.146750 ms)

Prepare: number of updated asset objects reloaded= 0
AssetImportParameters requested are different than current active one (requested -> active):
  custom:container-demuxer-ogg: 62fdf1f143b41e24485cea50d1cbac27 -> 
  custom:video-decoder-ogg-theora: a1e56fd34408186e4bbccfd4996cb3dc -> 
  custom:CustomObjectIndexerAttribute: 9a22284fe3817be447336de3de66b15e -> 
  custom:container-demuxer-webm: 4f35f7cbe854078d1ac9338744f61a02 -> 
  custom:container-muxer-webm: aa71ff27fc2769a1b78a27578f13a17b -> 
  custom:video-decoder-webm-vp8: 9c59270c3fd7afecdb556c50c9e8de78 -> 
  custom:SearchIndexIgnoredProperties: e643bd26f0fe6173181afceb89e7c659 -> 
  custom:AudioImporter_EditorPlatform: 3918e3fc78b5a79bad01e8451be0beb8 -> 
  custom:framework-osx-AVFoundation: e770b220cccbd017edd2c1fefb359320 -> 
  custom:video-encoder-webm-vp8: eb34c28f22e8b96e1ab97ce403110664 -> 
  custom:audio-decoder-ogg-vorbis: bf7c407c2cedff20999df2af8eb42d56 -> 
  custom:audio-encoder-webm-vorbis: bf7c407c2cedff20999df2af8eb42d56 -> 
